# JRE version: Java(TM) SE Runtime Environment (17.0.1+12) (build 17.0.1+12-LTS-39)
# Java VM: Java HotSpot(TM) 64-Bit Server VM (17.0.1+12-LTS-39, mixed mode, sharing, tiered, compressed oops, compressed class ptrs, g1 gc, windows-amd64)
GC Precious Log:
 CPUs: 8 total, 8 available
 Memory: 16322M
 Large Page Support: Disabled
 NUMA Support: Disabled
 Compressed Oops: Enabled (Zero based)
 Heap Region Size: 2M
 Heap Min Capacity: 8M
 Heap Initial Capacity: 256M
 Heap Max Capacity: 4G
 Pre-touch: Disabled
 Parallel Workers: 8
 Concurrent Workers: 2
 Concurrent Refinement Workers: 8
 Periodic GC: Disabled
Heap:
 garbage-first heap   total 430080K, used 230144K [0x0000000700000000, 0x0000000800000000)
  region size 2048K, 14 young (28672K), 12 survivors (24576K)
 Metaspace       used 63320K, committed 63936K, reserved 1105920K
  class space    used 8466K, committed 8768K, reserved 1048576K
GC Heap History (20 events):
Event: 19.299 GC heap before
{Heap before GC invocations=51 (full 1):
 garbage-first heap   total 253952K, used 183760K [0x0000000700000000, 0x0000000800000000)
  region size 2048K, 46 young (94208K), 7 survivors (14336K)
 Metaspace       used 63217K, committed 63808K, reserved 1105920K
  class space    used 8464K, committed 8768K, reserved 1048576K
}
Event: 19.302 GC heap after
{Heap after GC invocations=52 (full 1):
 garbage-first heap   total 305152K, used 120767K [0x0000000700000000, 0x0000000800000000)
  region size 2048K, 6 young (12288K), 6 survivors (12288K)
 Metaspace       used 63217K, committed 63808K, reserved 1105920K
  class space    used 8464K, committed 8768K, reserved 1048576K
}
Event: 19.420 GC heap before
{Heap before GC invocations=52 (full 1):
 garbage-first heap   total 305152K, used 223167K [0x0000000700000000, 0x0000000800000000)
  region size 2048K, 56 young (114688K), 6 survivors (12288K)
 Metaspace       used 63224K, committed 63872K, reserved 1105920K
  class space    used 8464K, committed 8768K, reserved 1048576K
}
Event: 19.425 GC heap after
{Heap after GC invocations=53 (full 1):
 garbage-first heap   total 305152K, used 136619K [0x0000000700000000, 0x0000000800000000)
  region size 2048K, 7 young (14336K), 7 survivors (14336K)
 Metaspace       used 63224K, committed 63872K, reserved 1105920K
  class space    used 8464K, committed 8768K, reserved 1048576K
}
Event: 19.505 GC heap before
{Heap before GC invocations=53 (full 1):
 garbage-first heap   total 305152K, used 228779K [0x0000000700000000, 0x0000000800000000)
  region size 2048K, 52 young (106496K), 7 survivors (14336K)
 Metaspace       used 63225K, committed 63872K, reserved 1105920K
  class space    used 8464K, committed 8768K, reserved 1048576K
}
Event: 19.509 GC heap after
{Heap after GC invocations=54 (full 1):
 garbage-first heap   total 305152K, used 146660K [0x0000000700000000, 0x0000000800000000)
  region size 2048K, 5 young (10240K), 5 survivors (10240K)
 Metaspace       used 63225K, committed 63872K, reserved 1105920K
  class space    used 8464K, committed 8768K, reserved 1048576K
}
Event: 19.582 GC heap before
{Heap before GC invocations=54 (full 1):
 garbage-first heap   total 305152K, used 230628K [0x0000000700000000, 0x0000000800000000)
  region size 2048K, 47 young (96256K), 5 survivors (10240K)
 Metaspace       used 63235K, committed 63936K, reserved 1105920K
  class space    used 8464K, committed 8768K, reserved 1048576K
}
Event: 19.584 GC heap after
{Heap after GC invocations=55 (full 1):
 garbage-first heap   total 305152K, used 154549K [0x0000000700000000, 0x0000000800000000)
  region size 2048K, 5 young (10240K), 5 survivors (10240K)
 Metaspace       used 63235K, committed 63936K, reserved 1105920K
  class space    used 8464K, committed 8768K, reserved 1048576K
}
Event: 19.953 GC heap before
{Heap before GC invocations=56 (full 1):
 garbage-first heap   total 305152K, used 223153K [0x0000000700000000, 0x0000000800000000)
  region size 2048K, 45 young (92160K), 5 survivors (10240K)
 Metaspace       used 63236K, committed 63936K, reserved 1105920K
  class space    used 8464K, committed 8768K, reserved 1048576K
}
Event: 19.955 GC heap after
{Heap after GC invocations=57 (full 1):
 garbage-first heap   total 305152K, used 146940K [0x0000000700000000, 0x0000000800000000)
  region size 2048K, 3 young (6144K), 3 survivors (6144K)
 Metaspace       used 63236K, committed 63936K, reserved 1105920K
  class space    used 8464K, committed 8768K, reserved 1048576K
}
Event: 19.998 GC heap before
{Heap before GC invocations=57 (full 1):
 garbage-first heap   total 305152K, used 155132K [0x0000000700000000, 0x0000000800000000)
  region size 2048K, 7 young (14336K), 3 survivors (6144K)
 Metaspace       used 63236K, committed 63936K, reserved 1105920K
  class space    used 8464K, committed 8768K, reserved 1048576K
}
Event: 19.999 GC heap after
{Heap after GC invocations=58 (full 1):
 garbage-first heap   total 305152K, used 144555K [0x0000000700000000, 0x0000000800000000)
  region size 2048K, 1 young (2048K), 1 survivors (2048K)
 Metaspace       used 63236K, committed 63936K, reserved 1105920K
  class space    used 8464K, committed 8768K, reserved 1048576K
}
Event: 20.506 GC heap before
{Heap before GC invocations=58 (full 1):
 garbage-first heap   total 305152K, used 238763K [0x0000000700000000, 0x0000000800000000)
  region size 2048K, 47 young (96256K), 1 survivors (2048K)
 Metaspace       used 63236K, committed 63936K, reserved 1105920K
  class space    used 8464K, committed 8768K, reserved 1048576K
}
Event: 20.508 GC heap after
{Heap after GC invocations=59 (full 1):
 garbage-first heap   total 430080K, used 146008K [0x0000000700000000, 0x0000000800000000)
  region size 2048K, 1 young (2048K), 1 survivors (2048K)
 Metaspace       used 63236K, committed 63936K, reserved 1105920K
  class space    used 8464K, committed 8768K, reserved 1048576K
}
Event: 21.659 GC heap before
{Heap before GC invocations=60 (full 1):
 garbage-first heap   total 430080K, used 332376K [0x0000000700000000, 0x0000000800000000)
  region size 2048K, 92 young (188416K), 1 survivors (2048K)
 Metaspace       used 63237K, committed 63936K, reserved 1105920K
  class space    used 8464K, committed 8768K, reserved 1048576K
}
Event: 21.662 GC heap after
{Heap after GC invocations=61 (full 1):
 garbage-first heap   total 430080K, used 156877K [0x0000000700000000, 0x0000000800000000)
  region size 2048K, 7 young (14336K), 7 survivors (14336K)
 Metaspace       used 63237K, committed 63936K, reserved 1105920K
  class space    used 8464K, committed 8768K, reserved 1048576K
}
Event: 21.694 GC heap before
{Heap before GC invocations=61 (full 1):
 garbage-first heap   total 430080K, used 163021K [0x0000000700000000, 0x0000000800000000)
  region size 2048K, 10 young (20480K), 7 survivors (14336K)
 Metaspace       used 63237K, committed 63936K, reserved 1105920K
  class space    used 8464K, committed 8768K, reserved 1048576K
}
Event: 21.696 GC heap after
{Heap after GC invocations=62 (full 1):
 garbage-first heap   total 430080K, used 154586K [0x0000000700000000, 0x0000000800000000)
  region size 2048K, 1 young (2048K), 1 survivors (2048K)
 Metaspace       used 63237K, committed 63936K, reserved 1105920K
  class space    used 8464K, committed 8768K, reserved 1048576K
}
Event: 22.731 GC heap before
{Heap before GC invocations=62 (full 1):
 garbage-first heap   total 430080K, used 334810K [0x0000000700000000, 0x0000000800000000)
  region size 2048K, 89 young (182272K), 1 survivors (2048K)
 Metaspace       used 63320K, committed 63936K, reserved 1105920K
  class space    used 8466K, committed 8768K, reserved 1048576K
}
Event: 22.754 GC heap after
{Heap after GC invocations=63 (full 1):
 garbage-first heap   total 430080K, used 228096K [0x0000000700000000, 0x0000000800000000)
  region size 2048K, 12 young (24576K), 12 survivors (24576K)
 Metaspace       used 63320K, committed 63936K, reserved 1105920K
  class space    used 8466K, committed 8768K, reserved 1048576K
}

