# JRE version: OpenJDK Runtime Environment Temurin-17.0.6+10 (17.0.6+10) (build 17.0.6+10)
# Java VM: OpenJDK 64-Bit Server VM Temurin-17.0.6+10 (17.0.6+10, mixed mode, tiered, compressed oops, compressed class ptrs, parallel gc, windows-amd64)
GC Precious Log:
 CPUs: 8 total, 8 available
 Memory: 16322M
 Large Page Support: Disabled
 NUMA Support: Disabled
 Compressed Oops: Enabled (32-bit)
 Alignments: Space 512K, Generation 512K, Heap 2M
 Heap Min Capacity: 100M
 Heap Initial Capacity: 100M
 Heap Max Capacity: 1G
 Pre-touch: Disabled
 Parallel Workers: 8
Heap:
 PSYoungGen      total 15360K, used 5061K [0x00000000eab00000, 0x00000000ebd00000, 0x0000000100000000)
  eden space 14848K, 32% used [0x00000000eab00000,0x00000000eafb9478,0x00000000eb980000)
  from space 512K, 43% used [0x00000000ebc80000,0x00000000ebcb8000,0x00000000ebd00000)
  to   space 512K, 0% used [0x00000000ebc00000,0x00000000ebc00000,0x00000000ebc80000)
 ParOldGen       total 68608K, used 55556K [0x00000000c0000000, 0x00000000c4300000, 0x00000000eab00000)
  object space 68608K, 80% used [0x00000000c0000000,0x00000000c3641170,0x00000000c4300000)
 Metaspace       used 58405K, committed 59328K, reserved 1105920K
  class space    used 6681K, committed 7104K, reserved 1048576K
GC Heap History (20 events):
Event: 127.585 GC heap before
{Heap before GC invocations=37 (full 2):
 PSYoungGen      total 15360K, used 15040K [0x00000000eab00000, 0x00000000ebd00000, 0x0000000100000000)
  eden space 14848K, 100% used [0x00000000eab00000,0x00000000eb980000,0x00000000eb980000)
  from space 512K, 37% used [0x00000000ebc80000,0x00000000ebcb0000,0x00000000ebd00000)
  to   space 512K, 0% used [0x00000000ebc00000,0x00000000ebc00000,0x00000000ebc80000)
 ParOldGen       total 68608K, used 55140K [0x00000000c0000000, 0x00000000c4300000, 0x00000000eab00000)
  object space 68608K, 80% used [0x00000000c0000000,0x00000000c35d9150,0x00000000c4300000)
 Metaspace       used 57971K, committed 58944K, reserved 1105920K
  class space    used 6628K, committed 7040K, reserved 1048576K
}
Event: 127.586 GC heap after
{Heap after GC invocations=37 (full 2):
 PSYoungGen      total 15360K, used 160K [0x00000000eab00000, 0x00000000ebd00000, 0x0000000100000000)
  eden space 14848K, 0% used [0x00000000eab00000,0x00000000eab00000,0x00000000eb980000)
  from space 512K, 31% used [0x00000000ebc00000,0x00000000ebc28000,0x00000000ebc80000)
  to   space 512K, 0% used [0x00000000ebc80000,0x00000000ebc80000,0x00000000ebd00000)
 ParOldGen       total 68608K, used 55188K [0x00000000c0000000, 0x00000000c4300000, 0x00000000eab00000)
  object space 68608K, 80% used [0x00000000c0000000,0x00000000c35e5150,0x00000000c4300000)
 Metaspace       used 57971K, committed 58944K, reserved 1105920K
  class space    used 6628K, committed 7040K, reserved 1048576K
}
Event: 131.692 GC heap before
{Heap before GC invocations=38 (full 2):
 PSYoungGen      total 15360K, used 15008K [0x00000000eab00000, 0x00000000ebd00000, 0x0000000100000000)
  eden space 14848K, 100% used [0x00000000eab00000,0x00000000eb980000,0x00000000eb980000)
  from space 512K, 31% used [0x00000000ebc00000,0x00000000ebc28000,0x00000000ebc80000)
  to   space 512K, 0% used [0x00000000ebc80000,0x00000000ebc80000,0x00000000ebd00000)
 ParOldGen       total 68608K, used 55188K [0x00000000c0000000, 0x00000000c4300000, 0x00000000eab00000)
  object space 68608K, 80% used [0x00000000c0000000,0x00000000c35e5150,0x00000000c4300000)
 Metaspace       used 57981K, committed 58944K, reserved 1105920K
  class space    used 6628K, committed 7040K, reserved 1048576K
}
Event: 131.692 GC heap after
{Heap after GC invocations=38 (full 2):
 PSYoungGen      total 15360K, used 224K [0x00000000eab00000, 0x00000000ebd00000, 0x0000000100000000)
  eden space 14848K, 0% used [0x00000000eab00000,0x00000000eab00000,0x00000000eb980000)
  from space 512K, 43% used [0x00000000ebc80000,0x00000000ebcb8000,0x00000000ebd00000)
  to   space 512K, 0% used [0x00000000ebc00000,0x00000000ebc00000,0x00000000ebc80000)
 ParOldGen       total 68608K, used 55244K [0x00000000c0000000, 0x00000000c4300000, 0x00000000eab00000)
  object space 68608K, 80% used [0x00000000c0000000,0x00000000c35f3150,0x00000000c4300000)
 Metaspace       used 57981K, committed 58944K, reserved 1105920K
  class space    used 6628K, committed 7040K, reserved 1048576K
}
Event: 132.564 GC heap before
{Heap before GC invocations=39 (full 2):
 PSYoungGen      total 15360K, used 15072K [0x00000000eab00000, 0x00000000ebd00000, 0x0000000100000000)
  eden space 14848K, 100% used [0x00000000eab00000,0x00000000eb980000,0x00000000eb980000)
  from space 512K, 43% used [0x00000000ebc80000,0x00000000ebcb8000,0x00000000ebd00000)
  to   space 512K, 0% used [0x00000000ebc00000,0x00000000ebc00000,0x00000000ebc80000)
 ParOldGen       total 68608K, used 55244K [0x00000000c0000000, 0x00000000c4300000, 0x00000000eab00000)
  object space 68608K, 80% used [0x00000000c0000000,0x00000000c35f3150,0x00000000c4300000)
 Metaspace       used 57981K, committed 58944K, reserved 1105920K
  class space    used 6628K, committed 7040K, reserved 1048576K
}
Event: 132.565 GC heap after
{Heap after GC invocations=39 (full 2):
 PSYoungGen      total 15360K, used 192K [0x00000000eab00000, 0x00000000ebd00000, 0x0000000100000000)
  eden space 14848K, 0% used [0x00000000eab00000,0x00000000eab00000,0x00000000eb980000)
  from space 512K, 37% used [0x00000000ebc00000,0x00000000ebc30000,0x00000000ebc80000)
  to   space 512K, 0% used [0x00000000ebc80000,0x00000000ebc80000,0x00000000ebd00000)
 ParOldGen       total 68608K, used 55276K [0x00000000c0000000, 0x00000000c4300000, 0x00000000eab00000)
  object space 68608K, 80% used [0x00000000c0000000,0x00000000c35fb150,0x00000000c4300000)
 Metaspace       used 57981K, committed 58944K, reserved 1105920K
  class space    used 6628K, committed 7040K, reserved 1048576K
}
Event: 132.750 GC heap before
{Heap before GC invocations=40 (full 2):
 PSYoungGen      total 15360K, used 15040K [0x00000000eab00000, 0x00000000ebd00000, 0x0000000100000000)
  eden space 14848K, 100% used [0x00000000eab00000,0x00000000eb980000,0x00000000eb980000)
  from space 512K, 37% used [0x00000000ebc00000,0x00000000ebc30000,0x00000000ebc80000)
  to   space 512K, 0% used [0x00000000ebc80000,0x00000000ebc80000,0x00000000ebd00000)
 ParOldGen       total 68608K, used 55276K [0x00000000c0000000, 0x00000000c4300000, 0x00000000eab00000)
  object space 68608K, 80% used [0x00000000c0000000,0x00000000c35fb150,0x00000000c4300000)
 Metaspace       used 57981K, committed 58944K, reserved 1105920K
  class space    used 6628K, committed 7040K, reserved 1048576K
}
Event: 132.750 GC heap after
{Heap after GC invocations=40 (full 2):
 PSYoungGen      total 15360K, used 192K [0x00000000eab00000, 0x00000000ebd00000, 0x0000000100000000)
  eden space 14848K, 0% used [0x00000000eab00000,0x00000000eab00000,0x00000000eb980000)
  from space 512K, 37% used [0x00000000ebc80000,0x00000000ebcb0000,0x00000000ebd00000)
  to   space 512K, 0% used [0x00000000ebc00000,0x00000000ebc00000,0x00000000ebc80000)
 ParOldGen       total 68608K, used 55300K [0x00000000c0000000, 0x00000000c4300000, 0x00000000eab00000)
  object space 68608K, 80% used [0x00000000c0000000,0x00000000c3601150,0x00000000c4300000)
 Metaspace       used 57981K, committed 58944K, reserved 1105920K
  class space    used 6628K, committed 7040K, reserved 1048576K
}
Event: 133.666 GC heap before
{Heap before GC invocations=41 (full 2):
 PSYoungGen      total 15360K, used 15040K [0x00000000eab00000, 0x00000000ebd00000, 0x0000000100000000)
  eden space 14848K, 100% used [0x00000000eab00000,0x00000000eb980000,0x00000000eb980000)
  from space 512K, 37% used [0x00000000ebc80000,0x00000000ebcb0000,0x00000000ebd00000)
  to   space 512K, 0% used [0x00000000ebc00000,0x00000000ebc00000,0x00000000ebc80000)
 ParOldGen       total 68608K, used 55300K [0x00000000c0000000, 0x00000000c4300000, 0x00000000eab00000)
  object space 68608K, 80% used [0x00000000c0000000,0x00000000c3601150,0x00000000c4300000)
 Metaspace       used 57982K, committed 58944K, reserved 1105920K
  class space    used 6628K, committed 7040K, reserved 1048576K
}
Event: 133.666 GC heap after
{Heap after GC invocations=41 (full 2):
 PSYoungGen      total 15360K, used 224K [0x00000000eab00000, 0x00000000ebd00000, 0x0000000100000000)
  eden space 14848K, 0% used [0x00000000eab00000,0x00000000eab00000,0x00000000eb980000)
  from space 512K, 43% used [0x00000000ebc00000,0x00000000ebc38000,0x00000000ebc80000)
  to   space 512K, 0% used [0x00000000ebc80000,0x00000000ebc80000,0x00000000ebd00000)
 ParOldGen       total 68608K, used 55348K [0x00000000c0000000, 0x00000000c4300000, 0x00000000eab00000)
  object space 68608K, 80% used [0x00000000c0000000,0x00000000c360d150,0x00000000c4300000)
 Metaspace       used 57982K, committed 58944K, reserved 1105920K
  class space    used 6628K, committed 7040K, reserved 1048576K
}
Event: 139.581 GC heap before
{Heap before GC invocations=42 (full 2):
 PSYoungGen      total 15360K, used 15072K [0x00000000eab00000, 0x00000000ebd00000, 0x0000000100000000)
  eden space 14848K, 100% used [0x00000000eab00000,0x00000000eb980000,0x00000000eb980000)
  from space 512K, 43% used [0x00000000ebc00000,0x00000000ebc38000,0x00000000ebc80000)
  to   space 512K, 0% used [0x00000000ebc80000,0x00000000ebc80000,0x00000000ebd00000)
 ParOldGen       total 68608K, used 55348K [0x00000000c0000000, 0x00000000c4300000, 0x00000000eab00000)
  object space 68608K, 80% used [0x00000000c0000000,0x00000000c360d150,0x00000000c4300000)
 Metaspace       used 57982K, committed 58944K, reserved 1105920K
  class space    used 6628K, committed 7040K, reserved 1048576K
}
Event: 139.581 GC heap after
{Heap after GC invocations=42 (full 2):
 PSYoungGen      total 15360K, used 256K [0x00000000eab00000, 0x00000000ebd00000, 0x0000000100000000)
  eden space 14848K, 0% used [0x00000000eab00000,0x00000000eab00000,0x00000000eb980000)
  from space 512K, 50% used [0x00000000ebc80000,0x00000000ebcc0000,0x00000000ebd00000)
  to   space 512K, 0% used [0x00000000ebc00000,0x00000000ebc00000,0x00000000ebc80000)
 ParOldGen       total 68608K, used 55388K [0x00000000c0000000, 0x00000000c4300000, 0x00000000eab00000)
  object space 68608K, 80% used [0x00000000c0000000,0x00000000c3617150,0x00000000c4300000)
 Metaspace       used 57982K, committed 58944K, reserved 1105920K
  class space    used 6628K, committed 7040K, reserved 1048576K
}
Event: 139.749 GC heap before
{Heap before GC invocations=43 (full 2):
 PSYoungGen      total 15360K, used 15104K [0x00000000eab00000, 0x00000000ebd00000, 0x0000000100000000)
  eden space 14848K, 100% used [0x00000000eab00000,0x00000000eb980000,0x00000000eb980000)
  from space 512K, 50% used [0x00000000ebc80000,0x00000000ebcc0000,0x00000000ebd00000)
  to   space 512K, 0% used [0x00000000ebc00000,0x00000000ebc00000,0x00000000ebc80000)
 ParOldGen       total 68608K, used 55388K [0x00000000c0000000, 0x00000000c4300000, 0x00000000eab00000)
  object space 68608K, 80% used [0x00000000c0000000,0x00000000c3617150,0x00000000c4300000)
 Metaspace       used 57988K, committed 58944K, reserved 1105920K
  class space    used 6628K, committed 7040K, reserved 1048576K
}
Event: 139.750 GC heap after
{Heap after GC invocations=43 (full 2):
 PSYoungGen      total 15360K, used 224K [0x00000000eab00000, 0x00000000ebd00000, 0x0000000100000000)
  eden space 14848K, 0% used [0x00000000eab00000,0x00000000eab00000,0x00000000eb980000)
  from space 512K, 43% used [0x00000000ebc00000,0x00000000ebc38000,0x00000000ebc80000)
  to   space 512K, 0% used [0x00000000ebc80000,0x00000000ebc80000,0x00000000ebd00000)
 ParOldGen       total 68608K, used 55420K [0x00000000c0000000, 0x00000000c4300000, 0x00000000eab00000)
  object space 68608K, 80% used [0x00000000c0000000,0x00000000c361f150,0x00000000c4300000)
 Metaspace       used 57988K, committed 58944K, reserved 1105920K
  class space    used 6628K, committed 7040K, reserved 1048576K
}
Event: 142.935 GC heap before
{Heap before GC invocations=44 (full 2):
 PSYoungGen      total 15360K, used 15072K [0x00000000eab00000, 0x00000000ebd00000, 0x0000000100000000)
  eden space 14848K, 100% used [0x00000000eab00000,0x00000000eb980000,0x00000000eb980000)
  from space 512K, 43% used [0x00000000ebc00000,0x00000000ebc38000,0x00000000ebc80000)
  to   space 512K, 0% used [0x00000000ebc80000,0x00000000ebc80000,0x00000000ebd00000)
 ParOldGen       total 68608K, used 55420K [0x00000000c0000000, 0x00000000c4300000, 0x00000000eab00000)
  object space 68608K, 80% used [0x00000000c0000000,0x00000000c361f150,0x00000000c4300000)
 Metaspace       used 57990K, committed 58944K, reserved 1105920K
  class space    used 6628K, committed 7040K, reserved 1048576K
}
Event: 142.935 GC heap after
{Heap after GC invocations=44 (full 2):
 PSYoungGen      total 15360K, used 192K [0x00000000eab00000, 0x00000000ebd00000, 0x0000000100000000)
  eden space 14848K, 0% used [0x00000000eab00000,0x00000000eab00000,0x00000000eb980000)
  from space 512K, 37% used [0x00000000ebc80000,0x00000000ebcb0000,0x00000000ebd00000)
  to   space 512K, 0% used [0x00000000ebc00000,0x00000000ebc00000,0x00000000ebc80000)
 ParOldGen       total 68608K, used 55436K [0x00000000c0000000, 0x00000000c4300000, 0x00000000eab00000)
  object space 68608K, 80% used [0x00000000c0000000,0x00000000c3623150,0x00000000c4300000)
 Metaspace       used 57990K, committed 58944K, reserved 1105920K
  class space    used 6628K, committed 7040K, reserved 1048576K
}
Event: 143.296 GC heap before
{Heap before GC invocations=45 (full 2):
 PSYoungGen      total 15360K, used 15040K [0x00000000eab00000, 0x00000000ebd00000, 0x0000000100000000)
  eden space 14848K, 100% used [0x00000000eab00000,0x00000000eb980000,0x00000000eb980000)
  from space 512K, 37% used [0x00000000ebc80000,0x00000000ebcb0000,0x00000000ebd00000)
  to   space 512K, 0% used [0x00000000ebc00000,0x00000000ebc00000,0x00000000ebc80000)
 ParOldGen       total 68608K, used 55436K [0x00000000c0000000, 0x00000000c4300000, 0x00000000eab00000)
  object space 68608K, 80% used [0x00000000c0000000,0x00000000c3623150,0x00000000c4300000)
 Metaspace       used 58005K, committed 58944K, reserved 1105920K
  class space    used 6628K, committed 7040K, reserved 1048576K
}
Event: 143.296 GC heap after
{Heap after GC invocations=45 (full 2):
 PSYoungGen      total 15360K, used 256K [0x00000000eab00000, 0x00000000ebd00000, 0x0000000100000000)
  eden space 14848K, 0% used [0x00000000eab00000,0x00000000eab00000,0x00000000eb980000)
  from space 512K, 50% used [0x00000000ebc00000,0x00000000ebc40000,0x00000000ebc80000)
  to   space 512K, 0% used [0x00000000ebc80000,0x00000000ebc80000,0x00000000ebd00000)
 ParOldGen       total 68608K, used 55460K [0x00000000c0000000, 0x00000000c4300000, 0x00000000eab00000)
  object space 68608K, 80% used [0x00000000c0000000,0x00000000c3629150,0x00000000c4300000)
 Metaspace       used 58005K, committed 58944K, reserved 1105920K
  class space    used 6628K, committed 7040K, reserved 1048576K
}
Event: 154.766 GC heap before
{Heap before GC invocations=46 (full 2):
 PSYoungGen      total 15360K, used 15104K [0x00000000eab00000, 0x00000000ebd00000, 0x0000000100000000)
  eden space 14848K, 100% used [0x00000000eab00000,0x00000000eb980000,0x00000000eb980000)
  from space 512K, 50% used [0x00000000ebc00000,0x00000000ebc40000,0x00000000ebc80000)
  to   space 512K, 0% used [0x00000000ebc80000,0x00000000ebc80000,0x00000000ebd00000)
 ParOldGen       total 68608K, used 55460K [0x00000000c0000000, 0x00000000c4300000, 0x00000000eab00000)
  object space 68608K, 80% used [0x00000000c0000000,0x00000000c3629150,0x00000000c4300000)
 Metaspace       used 58017K, committed 58944K, reserved 1105920K
  class space    used 6628K, committed 7040K, reserved 1048576K
}
Event: 154.766 GC heap after
{Heap after GC invocations=46 (full 2):
 PSYoungGen      total 15360K, used 224K [0x00000000eab00000, 0x00000000ebd00000, 0x0000000100000000)
  eden space 14848K, 0% used [0x00000000eab00000,0x00000000eab00000,0x00000000eb980000)
  from space 512K, 43% used [0x00000000ebc80000,0x00000000ebcb8000,0x00000000ebd00000)
  to   space 512K, 0% used [0x00000000ebc00000,0x00000000ebc00000,0x00000000ebc80000)
 ParOldGen       total 68608K, used 55556K [0x00000000c0000000, 0x00000000c4300000, 0x00000000eab00000)
  object space 68608K, 80% used [0x00000000c0000000,0x00000000c3641170,0x00000000c4300000)
 Metaspace       used 58017K, committed 58944K, reserved 1105920K
  class space    used 6628K, committed 7040K, reserved 1048576K
}

