# JRE version: Java(TM) SE Runtime Environment (17.0.1+12) (build 17.0.1+12-LTS-39)
# Java VM: Java HotSpot(TM) 64-Bit Server VM (17.0.1+12-LTS-39, mixed mode, sharing, tiered, compressed oops, compressed class ptrs, g1 gc, windows-amd64)
GC Precious Log:
 CPUs: 8 total, 8 available
 Memory: 16322M
 Large Page Support: Disabled
 NUMA Support: Disabled
 Compressed Oops: Enabled (Zero based)
 Heap Region Size: 2M
 Heap Min Capacity: 8M
 Heap Initial Capacity: 256M
 Heap Max Capacity: 4G
 Pre-touch: Disabled
 Parallel Workers: 8
 Concurrent Workers: 2
 Concurrent Refinement Workers: 8
 Periodic GC: Disabled
Heap:
 garbage-first heap   total 737280K, used 645120K [0x0000000700000000, 0x0000000800000000)
  region size 2048K, 3 young (6144K), 3 survivors (6144K)
 Metaspace       used 66906K, committed 67584K, reserved 1114112K
  class space    used 8861K, committed 9152K, reserved 1048576K
GC Heap History (20 events):
Event: 37.220 GC heap after
{Heap after GC invocations=61 (full 0):
 garbage-first heap   total 475136K, used 262144K [0x0000000700000000, 0x0000000800000000)
  region size 2048K, 9 young (18432K), 9 survivors (18432K)
 Metaspace       used 66840K, committed 67456K, reserved 1114112K
  class space    used 8852K, committed 9152K, reserved 1048576K
}
Event: 37.988 GC heap before
{Heap before GC invocations=61 (full 0):
 garbage-first heap   total 475136K, used 374784K [0x0000000700000000, 0x0000000800000000)
  region size 2048K, 65 young (133120K), 9 survivors (18432K)
 Metaspace       used 66840K, committed 67456K, reserved 1114112K
  class space    used 8852K, committed 9152K, reserved 1048576K
}
Event: 37.998 GC heap after
{Heap after GC invocations=62 (full 0):
 garbage-first heap   total 475136K, used 282416K [0x0000000700000000, 0x0000000800000000)
  region size 2048K, 9 young (18432K), 9 survivors (18432K)
 Metaspace       used 66840K, committed 67456K, reserved 1114112K
  class space    used 8852K, committed 9152K, reserved 1048576K
}
Event: 38.999 GC heap before
{Heap before GC invocations=62 (full 0):
 garbage-first heap   total 475136K, used 386864K [0x0000000700000000, 0x0000000800000000)
  region size 2048K, 58 young (118784K), 9 survivors (18432K)
 Metaspace       used 66852K, committed 67520K, reserved 1114112K
  class space    used 8853K, committed 9152K, reserved 1048576K
}
Event: 39.008 GC heap after
{Heap after GC invocations=63 (full 0):
 garbage-first heap   total 475136K, used 314285K [0x0000000700000000, 0x0000000800000000)
  region size 2048K, 8 young (16384K), 8 survivors (16384K)
 Metaspace       used 66852K, committed 67520K, reserved 1114112K
  class space    used 8853K, committed 9152K, reserved 1048576K
}
Event: 39.172 GC heap before
{Heap before GC invocations=63 (full 0):
 garbage-first heap   total 475136K, used 388013K [0x0000000700000000, 0x0000000800000000)
  region size 2048K, 44 young (90112K), 8 survivors (16384K)
 Metaspace       used 66852K, committed 67520K, reserved 1114112K
  class space    used 8853K, committed 9152K, reserved 1048576K
}
Event: 39.180 GC heap after
{Heap after GC invocations=64 (full 0):
 garbage-first heap   total 475136K, used 333708K [0x0000000700000000, 0x0000000800000000)
  region size 2048K, 6 young (12288K), 6 survivors (12288K)
 Metaspace       used 66852K, committed 67520K, reserved 1114112K
  class space    used 8853K, committed 9152K, reserved 1048576K
}
Event: 39.308 GC heap before
{Heap before GC invocations=64 (full 0):
 garbage-first heap   total 475136K, used 393100K [0x0000000700000000, 0x0000000800000000)
  region size 2048K, 35 young (71680K), 6 survivors (12288K)
 Metaspace       used 66882K, committed 67520K, reserved 1114112K
  class space    used 8860K, committed 9152K, reserved 1048576K
}
Event: 39.330 GC heap after
{Heap after GC invocations=65 (full 0):
 garbage-first heap   total 475136K, used 368282K [0x0000000700000000, 0x0000000800000000)
  region size 2048K, 5 young (10240K), 5 survivors (10240K)
 Metaspace       used 66882K, committed 67520K, reserved 1114112K
  class space    used 8860K, committed 9152K, reserved 1048576K
}
Event: 39.379 GC heap before
{Heap before GC invocations=65 (full 0):
 garbage-first heap   total 475136K, used 390810K [0x0000000700000000, 0x0000000800000000)
  region size 2048K, 16 young (32768K), 5 survivors (10240K)
 Metaspace       used 66882K, committed 67520K, reserved 1114112K
  class space    used 8860K, committed 9152K, reserved 1048576K
}
Event: 39.392 GC heap after
{Heap after GC invocations=66 (full 0):
 garbage-first heap   total 737280K, used 391947K [0x0000000700000000, 0x0000000800000000)
  region size 2048K, 2 young (4096K), 2 survivors (4096K)
 Metaspace       used 66882K, committed 67520K, reserved 1114112K
  class space    used 8860K, committed 9152K, reserved 1048576K
}
Event: 39.634 GC heap before
{Heap before GC invocations=67 (full 0):
 garbage-first heap   total 737280K, used 541451K [0x0000000700000000, 0x0000000800000000)
  region size 2048K, 76 young (155648K), 2 survivors (4096K)
 Metaspace       used 66890K, committed 67520K, reserved 1114112K
  class space    used 8860K, committed 9152K, reserved 1048576K
}
Event: 39.677 GC heap after
{Heap after GC invocations=68 (full 0):
 garbage-first heap   total 737280K, used 537288K [0x0000000700000000, 0x0000000800000000)
  region size 2048K, 10 young (20480K), 10 survivors (20480K)
 Metaspace       used 66890K, committed 67520K, reserved 1114112K
  class space    used 8860K, committed 9152K, reserved 1048576K
}
Event: 39.691 GC heap before
{Heap before GC invocations=68 (full 0):
 garbage-first heap   total 737280K, used 553672K [0x0000000700000000, 0x0000000800000000)
  region size 2048K, 18 young (36864K), 10 survivors (20480K)
 Metaspace       used 66890K, committed 67520K, reserved 1114112K
  class space    used 8860K, committed 9152K, reserved 1048576K
}
Event: 39.711 GC heap after
{Heap after GC invocations=69 (full 0):
 garbage-first heap   total 737280K, used 548864K [0x0000000700000000, 0x0000000800000000)
  region size 2048K, 3 young (6144K), 3 survivors (6144K)
 Metaspace       used 66890K, committed 67520K, reserved 1114112K
  class space    used 8860K, committed 9152K, reserved 1048576K
}
Event: 39.762 GC heap before
{Heap before GC invocations=69 (full 0):
 garbage-first heap   total 737280K, used 587776K [0x0000000700000000, 0x0000000800000000)
  region size 2048K, 22 young (45056K), 3 survivors (6144K)
 Metaspace       used 66890K, committed 67520K, reserved 1114112K
  class space    used 8860K, committed 9152K, reserved 1048576K
}
Event: 39.778 GC heap after
{Heap after GC invocations=70 (full 0):
 garbage-first heap   total 737280K, used 590848K [0x0000000700000000, 0x0000000800000000)
  region size 2048K, 3 young (6144K), 3 survivors (6144K)
 Metaspace       used 66890K, committed 67520K, reserved 1114112K
  class space    used 8860K, committed 9152K, reserved 1048576K
}
Event: 39.798 GC heap before
{Heap before GC invocations=70 (full 0):
 garbage-first heap   total 737280K, used 621568K [0x0000000700000000, 0x0000000800000000)
  region size 2048K, 18 young (36864K), 3 survivors (6144K)
 Metaspace       used 66890K, committed 67520K, reserved 1114112K
  class space    used 8860K, committed 9152K, reserved 1048576K
}
Event: 39.808 GC heap after
{Heap after GC invocations=71 (full 0):
 garbage-first heap   total 737280K, used 623600K [0x0000000700000000, 0x0000000800000000)
  region size 2048K, 3 young (6144K), 3 survivors (6144K)
 Metaspace       used 66890K, committed 67520K, reserved 1114112K
  class space    used 8860K, committed 9152K, reserved 1048576K
}
Event: 39.887 GC heap before
{Heap before GC invocations=71 (full 0):
 garbage-first heap   total 737280K, used 654320K [0x0000000700000000, 0x0000000800000000)
  region size 2048K, 18 young (36864K), 3 survivors (6144K)
 Metaspace       used 66906K, committed 67584K, reserved 1114112K
  class space    used 8861K, committed 9152K, reserved 1048576K
}

