# JRE version: Java(TM) SE Runtime Environment (17.0.1+12) (build 17.0.1+12-LTS-39)
# Java VM: Java HotSpot(TM) 64-Bit Server VM (17.0.1+12-LTS-39, mixed mode, sharing, tiered, compressed oops, compressed class ptrs, g1 gc, windows-amd64)
GC Precious Log:
 CPUs: 8 total, 8 available
 Memory: 16322M
 Large Page Support: Disabled
 NUMA Support: Disabled
 Compressed Oops: Enabled (Zero based)
 Heap Region Size: 2M
 Heap Min Capacity: 8M
 Heap Initial Capacity: 256M
 Heap Max Capacity: 4G
 Pre-touch: Disabled
 Parallel Workers: 8
 Concurrent Workers: 2
 Concurrent Refinement Workers: 8
 Periodic GC: Disabled
Heap:
 garbage-first heap   total 796672K, used 574464K [0x0000000700000000, 0x0000000800000000)
  region size 2048K, 3 young (6144K), 3 survivors (6144K)
 Metaspace       used 63524K, committed 64128K, reserved 1105920K
  class space    used 8448K, committed 8704K, reserved 1048576K
GC Heap History (20 events):
Event: 33.552 GC heap after
{Heap after GC invocations=75 (full 0):
 garbage-first heap   total 651264K, used 212610K [0x0000000700000000, 0x0000000800000000)
  region size 2048K, 13 young (26624K), 13 survivors (26624K)
 Metaspace       used 63143K, committed 63744K, reserved 1105920K
  class space    used 8427K, committed 8704K, reserved 1048576K
}
Event: 36.309 GC heap before
{Heap before GC invocations=75 (full 0):
 garbage-first heap   total 651264K, used 413314K [0x0000000700000000, 0x0000000800000000)
  region size 2048K, 112 young (229376K), 13 survivors (26624K)
 Metaspace       used 63432K, committed 64064K, reserved 1105920K
  class space    used 8440K, committed 8704K, reserved 1048576K
}
Event: 36.322 GC heap after
{Heap after GC invocations=76 (full 0):
 garbage-first heap   total 651264K, used 224399K [0x0000000700000000, 0x0000000800000000)
  region size 2048K, 6 young (12288K), 6 survivors (12288K)
 Metaspace       used 63432K, committed 64064K, reserved 1105920K
  class space    used 8440K, committed 8704K, reserved 1048576K
}
Event: 38.700 GC heap before
{Heap before GC invocations=76 (full 0):
 garbage-first heap   total 651264K, used 453775K [0x0000000700000000, 0x0000000800000000)
  region size 2048K, 119 young (243712K), 6 survivors (12288K)
 Metaspace       used 63473K, committed 64064K, reserved 1105920K
  class space    used 8440K, committed 8704K, reserved 1048576K
}
Event: 38.714 GC heap after
{Heap after GC invocations=77 (full 0):
 garbage-first heap   total 651264K, used 262144K [0x0000000700000000, 0x0000000800000000)
  region size 2048K, 15 young (30720K), 15 survivors (30720K)
 Metaspace       used 63473K, committed 64064K, reserved 1105920K
  class space    used 8440K, committed 8704K, reserved 1048576K
}
Event: 39.972 GC heap before
{Heap before GC invocations=77 (full 0):
 garbage-first heap   total 651264K, used 466944K [0x0000000700000000, 0x0000000800000000)
  region size 2048K, 115 young (235520K), 15 survivors (30720K)
 Metaspace       used 63473K, committed 64064K, reserved 1105920K
  class space    used 8440K, committed 8704K, reserved 1048576K
}
Event: 39.986 GC heap after
{Heap after GC invocations=78 (full 0):
 garbage-first heap   total 651264K, used 299867K [0x0000000700000000, 0x0000000800000000)
  region size 2048K, 15 young (30720K), 15 survivors (30720K)
 Metaspace       used 63473K, committed 64064K, reserved 1105920K
  class space    used 8440K, committed 8704K, reserved 1048576K
}
Event: 40.601 GC heap before
{Heap before GC invocations=78 (full 0):
 garbage-first heap   total 651264K, used 486235K [0x0000000700000000, 0x0000000800000000)
  region size 2048K, 106 young (217088K), 15 survivors (30720K)
 Metaspace       used 63473K, committed 64064K, reserved 1105920K
  class space    used 8440K, committed 8704K, reserved 1048576K
}
Event: 40.616 GC heap after
{Heap after GC invocations=79 (full 0):
 garbage-first heap   total 651264K, used 335274K [0x0000000700000000, 0x0000000800000000)
  region size 2048K, 14 young (28672K), 14 survivors (28672K)
 Metaspace       used 63473K, committed 64064K, reserved 1105920K
  class space    used 8440K, committed 8704K, reserved 1048576K
}
Event: 42.190 GC heap before
{Heap before GC invocations=79 (full 0):
 garbage-first heap   total 651264K, used 505258K [0x0000000700000000, 0x0000000800000000)
  region size 2048K, 95 young (194560K), 14 survivors (28672K)
 Metaspace       used 63486K, committed 64064K, reserved 1105920K
  class space    used 8441K, committed 8704K, reserved 1048576K
}
Event: 42.204 GC heap after
{Heap after GC invocations=80 (full 0):
 garbage-first heap   total 651264K, used 374784K [0x0000000700000000, 0x0000000800000000)
  region size 2048K, 12 young (24576K), 12 survivors (24576K)
 Metaspace       used 63486K, committed 64064K, reserved 1105920K
  class space    used 8441K, committed 8704K, reserved 1048576K
}
Event: 42.567 GC heap before
{Heap before GC invocations=80 (full 0):
 garbage-first heap   total 651264K, used 509952K [0x0000000700000000, 0x0000000800000000)
  region size 2048K, 79 young (161792K), 12 survivors (24576K)
 Metaspace       used 63486K, committed 64064K, reserved 1105920K
  class space    used 8441K, committed 8704K, reserved 1048576K
}
Event: 42.579 GC heap after
{Heap after GC invocations=81 (full 0):
 garbage-first heap   total 651264K, used 410505K [0x0000000700000000, 0x0000000800000000)
  region size 2048K, 10 young (20480K), 10 survivors (20480K)
 Metaspace       used 63486K, committed 64064K, reserved 1105920K
  class space    used 8441K, committed 8704K, reserved 1048576K
}
Event: 42.776 GC heap before
{Heap before GC invocations=81 (full 0):
 garbage-first heap   total 651264K, used 519049K [0x0000000700000000, 0x0000000800000000)
  region size 2048K, 63 young (129024K), 10 survivors (20480K)
 Metaspace       used 63516K, committed 64128K, reserved 1105920K
  class space    used 8448K, committed 8704K, reserved 1048576K
}
Event: 42.804 GC heap after
{Heap after GC invocations=82 (full 0):
 garbage-first heap   total 651264K, used 502641K [0x0000000700000000, 0x0000000800000000)
  region size 2048K, 8 young (16384K), 8 survivors (16384K)
 Metaspace       used 63516K, committed 64128K, reserved 1105920K
  class space    used 8448K, committed 8704K, reserved 1048576K
}
Event: 42.859 GC heap before
{Heap before GC invocations=82 (full 0):
 garbage-first heap   total 796672K, used 506737K [0x0000000700000000, 0x0000000800000000)
  region size 2048K, 24 young (49152K), 8 survivors (16384K)
 Metaspace       used 63524K, committed 64128K, reserved 1105920K
  class space    used 8448K, committed 8704K, reserved 1048576K
}
Event: 42.873 GC heap after
{Heap after GC invocations=83 (full 0):
 garbage-first heap   total 796672K, used 508928K [0x0000000700000000, 0x0000000800000000)
  region size 2048K, 3 young (6144K), 3 survivors (6144K)
 Metaspace       used 63524K, committed 64128K, reserved 1105920K
  class space    used 8448K, committed 8704K, reserved 1048576K
}
Event: 42.983 GC heap before
{Heap before GC invocations=84 (full 0):
 garbage-first heap   total 796672K, used 590848K [0x0000000700000000, 0x0000000800000000)
  region size 2048K, 43 young (88064K), 3 survivors (6144K)
 Metaspace       used 63524K, committed 64128K, reserved 1105920K
  class space    used 8448K, committed 8704K, reserved 1048576K
}
Event: 43.004 GC heap after
{Heap after GC invocations=85 (full 0):
 garbage-first heap   total 796672K, used 591872K [0x0000000700000000, 0x0000000800000000)
  region size 2048K, 6 young (12288K), 6 survivors (12288K)
 Metaspace       used 63524K, committed 64128K, reserved 1105920K
  class space    used 8448K, committed 8704K, reserved 1048576K
}
Event: 43.035 GC heap before
{Heap before GC invocations=85 (full 0):
 garbage-first heap   total 796672K, used 618496K [0x0000000700000000, 0x0000000800000000)
  region size 2048K, 19 young (38912K), 6 survivors (12288K)
 Metaspace       used 63524K, committed 64128K, reserved 1105920K
  class space    used 8448K, committed 8704K, reserved 1048576K
}

