# JRE version: Java(TM) SE Runtime Environment (17.0.1+12) (build 17.0.1+12-LTS-39)
# Java VM: Java HotSpot(TM) 64-Bit Server VM (17.0.1+12-LTS-39, mixed mode, sharing, tiered, compressed oops, compressed class ptrs, g1 gc, windows-amd64)
GC Precious Log:
 CPUs: 8 total, 8 available
 Memory: 16322M
 Large Page Support: Disabled
 NUMA Support: Disabled
 Compressed Oops: Enabled (Zero based)
 Heap Region Size: 2M
 Heap Min Capacity: 8M
 Heap Initial Capacity: 256M
 Heap Max Capacity: 4G
 Pre-touch: Disabled
 Parallel Workers: 8
 Concurrent Workers: 2
 Concurrent Refinement Workers: 8
 Periodic GC: Disabled
Heap:
 garbage-first heap   total 851968K, used 713596K [0x0000000700000000, 0x0000000800000000)
  region size 2048K, 3 young (6144K), 3 survivors (6144K)
 Metaspace       used 63471K, committed 64000K, reserved 1105920K
  class space    used 8464K, committed 8704K, reserved 1048576K
GC Heap History (20 events):
Event: 27.986 GC heap after
{Heap after GC invocations=54 (full 0):
 garbage-first heap   total 425984K, used 236743K [0x0000000700000000, 0x0000000800000000)
  region size 2048K, 3 young (6144K), 3 survivors (6144K)
 Metaspace       used 63178K, committed 63744K, reserved 1105920K
  class space    used 8447K, committed 8704K, reserved 1048576K
}
Event: 28.495 GC heap before
{Heap before GC invocations=54 (full 0):
 garbage-first heap   total 425984K, used 345287K [0x0000000700000000, 0x0000000800000000)
  region size 2048K, 56 young (114688K), 3 survivors (6144K)
 Metaspace       used 63246K, committed 63808K, reserved 1105920K
  class space    used 8447K, committed 8704K, reserved 1048576K
}
Event: 28.497 GC heap after
{Heap after GC invocations=55 (full 0):
 garbage-first heap   total 425984K, used 237741K [0x0000000700000000, 0x0000000800000000)
  region size 2048K, 4 young (8192K), 4 survivors (8192K)
 Metaspace       used 63246K, committed 63808K, reserved 1105920K
  class space    used 8447K, committed 8704K, reserved 1048576K
}
Event: 28.661 GC heap before
{Heap before GC invocations=55 (full 0):
 garbage-first heap   total 425984K, used 348333K [0x0000000700000000, 0x0000000800000000)
  region size 2048K, 59 young (120832K), 4 survivors (8192K)
 Metaspace       used 63398K, committed 64000K, reserved 1105920K
  class space    used 8457K, committed 8704K, reserved 1048576K
}
Event: 28.667 GC heap after
{Heap after GC invocations=56 (full 0):
 garbage-first heap   total 425984K, used 255457K [0x0000000700000000, 0x0000000800000000)
  region size 2048K, 8 young (16384K), 8 survivors (16384K)
 Metaspace       used 63398K, committed 64000K, reserved 1105920K
  class space    used 8457K, committed 8704K, reserved 1048576K
}
Event: 28.778 GC heap before
{Heap before GC invocations=56 (full 0):
 garbage-first heap   total 425984K, used 345569K [0x0000000700000000, 0x0000000800000000)
  region size 2048K, 53 young (108544K), 8 survivors (16384K)
 Metaspace       used 63422K, committed 64000K, reserved 1105920K
  class space    used 8457K, committed 8704K, reserved 1048576K
}
Event: 28.785 GC heap after
{Heap after GC invocations=57 (full 0):
 garbage-first heap   total 425984K, used 270142K [0x0000000700000000, 0x0000000800000000)
  region size 2048K, 7 young (14336K), 7 survivors (14336K)
 Metaspace       used 63422K, committed 64000K, reserved 1105920K
  class space    used 8457K, committed 8704K, reserved 1048576K
}
Event: 28.908 GC heap before
{Heap before GC invocations=57 (full 0):
 garbage-first heap   total 425984K, used 352062K [0x0000000700000000, 0x0000000800000000)
  region size 2048K, 46 young (94208K), 7 survivors (14336K)
 Metaspace       used 63423K, committed 64000K, reserved 1105920K
  class space    used 8457K, committed 8704K, reserved 1048576K
}
Event: 28.916 GC heap after
{Heap after GC invocations=58 (full 0):
 garbage-first heap   total 851968K, used 286915K [0x0000000700000000, 0x0000000800000000)
  region size 2048K, 6 young (12288K), 6 survivors (12288K)
 Metaspace       used 63423K, committed 64000K, reserved 1105920K
  class space    used 8457K, committed 8704K, reserved 1048576K
}
Event: 29.677 GC heap before
{Heap before GC invocations=58 (full 0):
 garbage-first heap   total 851968K, used 602307K [0x0000000700000000, 0x0000000800000000)
  region size 2048K, 161 young (329728K), 6 survivors (12288K)
 Metaspace       used 63423K, committed 64000K, reserved 1105920K
  class space    used 8457K, committed 8704K, reserved 1048576K
}
Event: 29.695 GC heap after
{Heap after GC invocations=59 (full 0):
 garbage-first heap   total 851968K, used 340574K [0x0000000700000000, 0x0000000800000000)
  region size 2048K, 21 young (43008K), 21 survivors (43008K)
 Metaspace       used 63423K, committed 64000K, reserved 1105920K
  class space    used 8457K, committed 8704K, reserved 1048576K
}
Event: 30.464 GC heap before
{Heap before GC invocations=59 (full 0):
 garbage-first heap   total 851968K, used 615006K [0x0000000700000000, 0x0000000800000000)
  region size 2048K, 153 young (313344K), 21 survivors (43008K)
 Metaspace       used 63433K, committed 64000K, reserved 1105920K
  class space    used 8457K, committed 8704K, reserved 1048576K
}
Event: 30.484 GC heap after
{Heap after GC invocations=60 (full 0):
 garbage-first heap   total 851968K, used 396120K [0x0000000700000000, 0x0000000800000000)
  region size 2048K, 20 young (40960K), 20 survivors (40960K)
 Metaspace       used 63433K, committed 64000K, reserved 1105920K
  class space    used 8457K, committed 8704K, reserved 1048576K
}
Event: 30.975 GC heap before
{Heap before GC invocations=60 (full 0):
 garbage-first heap   total 851968K, used 633688K [0x0000000700000000, 0x0000000800000000)
  region size 2048K, 137 young (280576K), 20 survivors (40960K)
 Metaspace       used 63462K, committed 64000K, reserved 1105920K
  class space    used 8464K, committed 8704K, reserved 1048576K
}
Event: 31.026 GC heap after
{Heap after GC invocations=61 (full 0):
 garbage-first heap   total 851968K, used 529276K [0x0000000700000000, 0x0000000800000000)
  region size 2048K, 18 young (36864K), 18 survivors (36864K)
 Metaspace       used 63462K, committed 64000K, reserved 1105920K
  class space    used 8464K, committed 8704K, reserved 1048576K
}
Event: 31.097 GC heap before
{Heap before GC invocations=61 (full 0):
 garbage-first heap   total 851968K, used 631676K [0x0000000700000000, 0x0000000800000000)
  region size 2048K, 68 young (139264K), 18 survivors (36864K)
 Metaspace       used 63471K, committed 64000K, reserved 1105920K
  class space    used 8464K, committed 8704K, reserved 1048576K
}
Event: 31.137 GC heap after
{Heap after GC invocations=62 (full 0):
 garbage-first heap   total 851968K, used 630652K [0x0000000700000000, 0x0000000800000000)
  region size 2048K, 9 young (18432K), 9 survivors (18432K)
 Metaspace       used 63471K, committed 64000K, reserved 1105920K
  class space    used 8464K, committed 8704K, reserved 1048576K
}
Event: 31.238 GC heap before
{Heap before GC invocations=62 (full 0):
 garbage-first heap   total 851968K, used 675708K [0x0000000700000000, 0x0000000800000000)
  region size 2048K, 32 young (65536K), 9 survivors (18432K)
 Metaspace       used 63471K, committed 64000K, reserved 1105920K
  class space    used 8464K, committed 8704K, reserved 1048576K
}
Event: 31.257 GC heap after
{Heap after GC invocations=63 (full 0):
 garbage-first heap   total 851968K, used 678780K [0x0000000700000000, 0x0000000800000000)
  region size 2048K, 4 young (8192K), 4 survivors (8192K)
 Metaspace       used 63471K, committed 64000K, reserved 1105920K
  class space    used 8464K, committed 8704K, reserved 1048576K
}
Event: 31.313 GC heap before
{Heap before GC invocations=63 (full 0):
 garbage-first heap   total 851968K, used 711548K [0x0000000700000000, 0x0000000800000000)
  region size 2048K, 20 young (40960K), 4 survivors (8192K)
 Metaspace       used 63471K, committed 64000K, reserved 1105920K
  class space    used 8464K, committed 8704K, reserved 1048576K
}

